<?xml version="1.0" encoding="UTF-8"?>
<testsuite xmlns:xsi="http://www.w3.org/2001/XMLSchema-instance" xsi:noNamespaceSchemaLocation="https://maven.apache.org/surefire/maven-surefire-plugin/xsd/surefire-test-report-3.0.xsd" version="3.0" name="com.demo.aadclient.AadClientApplicationTests" time="14.52" tests="1" errors="0" skipped="0" failures="0">
  <properties>
[...]
</properties>
  <testcase name="contextLoads" classname="com.demo.aadclient.AadClientApplicationTests" time="0.506">
    <system-out><![CDATA[12:52:48.649 [main] INFO org.springframework.test.context.support.AnnotationConfigContextLoaderUtils -- Could not detect default configuration classes for test class [com.demo.aadclient.AadClientApplicationTests]: AadClientApplicationTests does not declare any static, non-private, non-final, nested classes annotated with @Configuration.
12:52:48.776 [main] INFO org.springframework.boot.test.context.SpringBootTestContextBootstrapper -- Found @SpringBootConfiguration com.demo.aadclient.AadClientApplication for test class com.demo.aadclient.AadClientApplicationTests

  .   ____          _            __ _ _
 /\\ / ___'_ __ _ _(_)_ __  __ _ \ \ \ \
( ( )\___ | '_ | '_| | '_ \/ _` | \ \ \ \
 \\/  ___)| |_)| | | | | || (_| |  ) ) ) )
  '  |____| .__|_| |_|_| |_\__, | / / / /
 =========|_|==============|___/=/_/_/_/
 :: Spring Boot ::                (v3.2.0)

2023-12-16T12:52:49.253Z  INFO 19176 --- [           main] c.d.aadclient.AadClientApplicationTests  : Starting AadClientApplicationTests using Java 20.0.2 with PID 19176 (started by andre in D:\Projects\spring-aad\aad-client)
2023-12-16T12:52:49.255Z  INFO 19176 --- [           main] c.d.aadclient.AadClientApplicationTests  : No active profile set, falling back to 1 default profile: "default"
2023-12-16T12:52:49.938Z  INFO 19176 --- [           main] .s.d.r.c.RepositoryConfigurationDelegate : Bootstrapping Spring Data JPA repositories in DEFAULT mode.
2023-12-16T12:52:50.019Z  INFO 19176 --- [           main] .s.d.r.c.RepositoryConfigurationDelegate : Finished Spring Data repository scanning in 71 ms. Found 4 JPA repository interfaces.
2023-12-16T12:52:50.534Z  INFO 19176 --- [           main] o.hibernate.jpa.internal.util.LogHelper  : HHH000204: Processing PersistenceUnitInfo [name: default]
2023-12-16T12:52:50.594Z  INFO 19176 --- [           main] org.hibernate.Version                    : HHH000412: Hibernate ORM core version 6.3.1.Final
2023-12-16T12:52:50.634Z  INFO 19176 --- [           main] o.h.c.internal.RegionFactoryInitiator    : HHH000026: Second-level cache disabled
2023-12-16T12:52:50.920Z  INFO 19176 --- [           main] o.s.o.j.p.SpringPersistenceUnitInfo      : No LoadTimeWeaver setup: ignoring JPA class transformer
2023-12-16T12:52:50.952Z  INFO 19176 --- [           main] com.zaxxer.hikari.HikariDataSource       : HikariPool-1 - Starting...
2023-12-16T12:52:51.849Z  INFO 19176 --- [           main] com.zaxxer.hikari.pool.HikariPool        : HikariPool-1 - Added connection com.mysql.cj.jdbc.ConnectionImpl@6c2883b1
2023-12-16T12:52:51.854Z  INFO 19176 --- [           main] com.zaxxer.hikari.HikariDataSource       : HikariPool-1 - Start completed.
2023-12-16T12:52:51.980Z  WARN 19176 --- [           main] org.hibernate.orm.deprecation            : HHH90000025: MySQLDialect does not need to be specified explicitly using 'hibernate.dialect' (remove the property setting and it will be selected by default)
2023-12-16T12:52:52.905Z  INFO 19176 --- [           main] o.h.e.t.j.p.i.JtaPlatformInitiator       : HHH000489: No JTA platform available (set 'hibernate.transaction.jta.platform' to enable JTA platform integration)
2023-12-16T12:52:55.824Z  INFO 19176 --- [           main] j.LocalContainerEntityManagerFactoryBean : Initialized JPA EntityManagerFactory for persistence unit 'default'
2023-12-16T12:52:56.349Z  WARN 19176 --- [           main] JpaBaseConfiguration$JpaWebConfiguration : spring.jpa.open-in-view is enabled by default. Therefore, database queries may be performed during view rendering. Explicitly configure spring.jpa.open-in-view to disable this warning
2023-12-16T12:52:56.366Z TRACE 19176 --- [           main] eGlobalAuthenticationAutowiredConfigurer : Eagerly initializing {webSecurityConfiguration=com.demo.aadclient.security.WebSecurityConfiguration$$SpringCGLIB$$0@224e7aa5}
2023-12-16T12:52:56.368Z DEBUG 19176 --- [           main] swordEncoderAuthenticationManagerBuilder : No authenticationProviders and no parentAuthenticationManager defined. Returning null.
2023-12-16T12:52:56.680Z  INFO 19176 --- [           main] o.s.s.web.DefaultSecurityFilterChain     : Will secure any request with [org.springframework.security.web.session.DisableEncodeUrlFilter@6980fa39, org.springframework.security.web.context.request.async.WebAsyncManagerIntegrationFilter@1a000fff, org.springframework.security.web.context.SecurityContextHolderFilter@39ee07a9, org.springframework.security.web.header.HeaderWriterFilter@7a41f4a7, org.springframework.web.filter.CorsFilter@7c855ef0, org.springframework.security.web.authentication.logout.LogoutFilter@31beb0d0, org.springframework.security.oauth2.client.web.OAuth2AuthorizationRequestRedirectFilter@73cfafd8, org.springframework.security.oauth2.client.web.OAuth2LoginAuthenticationFilter@106c73ed, org.springframework.security.web.authentication.ui.DefaultLoginPageGeneratingFilter@77f95e19, org.springframework.security.web.authentication.ui.DefaultLogoutPageGeneratingFilter@3dedc8b8, org.springframework.security.web.savedrequest.RequestCacheAwareFilter@7adde776, org.springframework.security.web.servletapi.SecurityContextHolderAwareRequestFilter@3feb93a, org.springframework.security.web.authentication.AnonymousAuthenticationFilter@5352bc0e, org.springframework.security.web.access.ExceptionTranslationFilter@25630ede, org.springframework.security.web.access.intercept.AuthorizationFilter@7fb8d720]
2023-12-16T12:52:57.016Z  INFO 19176 --- [           main] c.d.aadclient.AadClientApplicationTests  : Started AadClientApplicationTests in 8.067 seconds (process running for 9.136)
]]></system-out>
  </testcase>
</testsuite>